<?xml version="1.0" encoding="UTF-8" standalone="yes"?>
<requests>
	<request>
		<artifact>
			<artifactId>test1</artifactId>
			<groupId>test1</groupId>
		</artifact>
		<providerNeeded>true</providerNeeded>
		<persistentFileNeeded>true</persistentFileNeeded>
	</request>
	<request>
		<artifact>
			<artifactId>test2</artifactId>
			<groupId>test2</groupId>
		</artifact>
		<providerNeeded>false</providerNeeded>
		<persistentFileNeeded>false</persistentFileNeeded>
	</request>
	<request>
		<artifact>
			<artifactId>test3</artifactId>
			<groupId>test3</groupId>
		</artifact>
		<providerNeeded>false</providerNeeded>
		<persistentFileNeeded>true</persistentFileNeeded>
	</request>
	<request>
		<artifact>
			<artifactId>test4</artifactId>
			<groupId>test4</groupId>
		</artifact>
		<providerNeeded>true</providerNeeded>
		<persistentFileNeeded>false</persistentFileNeeded>
	</request>
	<request>
		<artifact>
			<artifactId>test5</artifactId>
			<groupId>test5</groupId>
		</artifact>
		<persistentFileNeeded>true</persistentFileNeeded>
	</request>
	<request>
		<artifact>
			<artifactId>test6</artifactId>
			<groupId>test6</groupId>
		</artifact>
		<providerNeeded>true</providerNeeded>
	</request>
</requests>
