<requests>
	<request>
		<artifact>
			<groupId>foobar</groupId>
			<artifactId>xyzzy</artifactId>
		</artifact>
	</request>
	<request>
		<artifact>
			<artifactId>junit</artifactId>
			<groupId>junit</groupId>
		</artifact>
	</request>
</requests>
