<?xml version="1.0" encoding="UTF-8"?>
<metadata xmlns="http://fedorahosted.org/xmvn/METADATA/3.2.0">
    <artifacts>
        <artifact>
            <groupId>com.example</groupId>
            <artifactId>test</artifactId>
            <version>42</version>
            <path>???example.jar</path>
        </artifact>
    </artifacts>
</metadata>
